2025-04-19 14:00:06,909 INFO: Loading environment variables [in C:\Users\quang\Desktop\web\web\backend\app.py:41]
2025-04-19 14:00:06,916 INFO: Flask app initialized with CORS (all methods and origins allowed) [in C:\Users\quang\Desktop\web\web\backend\app.py:65]
2025-04-19 14:00:06,926 INFO: Connecting to MongoDB... [in C:\Users\quang\Desktop\web\web\backend\app.py:82]
2025-04-19 14:00:08,054 INFO: Connected to MongoDB (DB: fpt_learning) [in C:\Users\quang\Desktop\web\web\backend\app.py:88]
2025-04-19 14:00:08,056 INFO: Upload folders checked/created. [in C:\Users\quang\Desktop\web\web\backend\app.py:110]
2025-04-19 14:00:08,308 ERROR: Error ensuring MongoDB indexes: Index already exists with a different name: points_-1, full error: {'ok': 0.0, 'errmsg': 'Index already exists with a different name: points_-1', 'code': 85, 'codeName': 'IndexOptionsConflict', '$clusterTime': {'clusterTime': Timestamp(1745046009, 3), 'signature': {'hash': b'\x99\xc6\xf0\x85F[V}M\x19\xb3\x1e\xc4k\\\xb9c3>\x08', 'keyId': 7429718815585337346}}, 'operationTime': Timestamp(1745046009, 3)} [in C:\Users\quang\Desktop\web\web\backend\app.py:175]
2025-04-19 14:00:08,384 INFO: --- Starting FPT Learning Hub Server (PID: 2756) --- [in C:\Users\quang\Desktop\web\web\backend\app.py:2023]
2025-04-19 14:00:08,434 INFO: Starting server with Waitress on http://0.0.0.0:5001 [in C:\Users\quang\Desktop\web\web\backend\app.py:2027]
2025-04-19 14:00:08,440 INFO: Serving on http://0.0.0.0:5001 [in C:\Users\quang\AppData\Local\Programs\Python\Python313\Lib\site-packages\waitress\wasyncore.py:449]
2025-04-19 14:02:44,199 INFO: Loading environment variables [in C:\Users\quang\Desktop\web\web\backend\app.py:41]
2025-04-19 14:02:44,209 INFO: Flask app initialized with CORS (all methods and origins allowed) [in C:\Users\quang\Desktop\web\web\backend\app.py:65]
2025-04-19 14:02:44,222 INFO: Connecting to MongoDB... [in C:\Users\quang\Desktop\web\web\backend\app.py:82]
2025-04-19 14:02:45,477 INFO: Connected to MongoDB (DB: fpt_learning) [in C:\Users\quang\Desktop\web\web\backend\app.py:88]
2025-04-19 14:02:45,478 INFO: Upload folders checked/created. [in C:\Users\quang\Desktop\web\web\backend\app.py:110]
2025-04-19 14:02:45,731 ERROR: Error ensuring MongoDB indexes: Index already exists with a different name: points_-1, full error: {'ok': 0.0, 'errmsg': 'Index already exists with a different name: points_-1', 'code': 85, 'codeName': 'IndexOptionsConflict', '$clusterTime': {'clusterTime': Timestamp(1745046166, 3), 'signature': {'hash': b"\x11\t\x8d\x87\x9c\xa9\xb7\x06,6\xfb'\x7f3\xc8{^\x04\x82\xca", 'keyId': 7429718815585337346}}, 'operationTime': Timestamp(1745046166, 3)} [in C:\Users\quang\Desktop\web\web\backend\app.py:175]
2025-04-19 14:04:45,941 INFO: Loading environment variables [in C:\Users\quang\Desktop\web\web\backend\app.py:41]
2025-04-19 14:04:45,944 INFO: Flask app initialized with CORS (all methods and origins allowed) [in C:\Users\quang\Desktop\web\web\backend\app.py:65]
2025-04-19 14:04:45,947 INFO: Connecting to MongoDB... [in C:\Users\quang\Desktop\web\web\backend\app.py:82]
2025-04-19 14:04:47,102 INFO: Connected to MongoDB (DB: fpt_learning) [in C:\Users\quang\Desktop\web\web\backend\app.py:88]
2025-04-19 14:04:47,103 INFO: Upload folders checked/created. [in C:\Users\quang\Desktop\web\web\backend\app.py:110]
2025-04-19 14:04:47,355 ERROR: Error ensuring MongoDB indexes: Index already exists with a different name: points_-1, full error: {'ok': 0.0, 'errmsg': 'Index already exists with a different name: points_-1', 'code': 85, 'codeName': 'IndexOptionsConflict', '$clusterTime': {'clusterTime': Timestamp(1745046288, 2), 'signature': {'hash': b'*\xea\x1c\xb6\x95P\xc8\xda\x02\x8d\x97\x8bl\x01\x93\xfd\xc0\x8c\x93\xfc', 'keyId': 7429718815585337346}}, 'operationTime': Timestamp(1745046288, 2)} [in C:\Users\quang\Desktop\web\web\backend\app.py:175]
2025-04-19 14:14:02,146 INFO: Loading environment variables [in C:\Users\quang\Desktop\web\web\backend\app.py:41]
2025-04-19 14:14:02,149 INFO: Flask app initialized with CORS (all methods and origins allowed) [in C:\Users\quang\Desktop\web\web\backend\app.py:65]
2025-04-19 14:14:02,157 INFO: Connecting to MongoDB... [in C:\Users\quang\Desktop\web\web\backend\app.py:82]
2025-04-19 14:14:03,457 INFO: Connected to MongoDB (DB: fpt_learning) [in C:\Users\quang\Desktop\web\web\backend\app.py:88]
2025-04-19 14:14:03,459 INFO: Upload folders checked/created. [in C:\Users\quang\Desktop\web\web\backend\app.py:110]
2025-04-19 14:14:03,726 ERROR: Error ensuring MongoDB indexes: Index already exists with a different name: points_-1, full error: {'ok': 0.0, 'errmsg': 'Index already exists with a different name: points_-1', 'code': 85, 'codeName': 'IndexOptionsConflict', '$clusterTime': {'clusterTime': Timestamp(1745046845, 1), 'signature': {'hash': b'\xf3\xd2\xda\xfa\xc1\x1c\x15BE\xa4\xf6\xa4%B\x99\x05\xbb\x1b\x9e\xfc', 'keyId': 7429718815585337346}}, 'operationTime': Timestamp(1745046845, 1)} [in C:\Users\quang\Desktop\web\web\backend\app.py:175]
2025-04-19 14:14:03,828 INFO: --- Starting FPT Learning Hub Server (PID: 10088) --- [in C:\Users\quang\Desktop\web\web\backend\app.py:1984]
2025-04-19 14:14:03,906 INFO: Starting server with Waitress on http://0.0.0.0:5001 [in C:\Users\quang\Desktop\web\web\backend\app.py:1988]
2025-04-19 14:14:03,912 INFO: Serving on http://0.0.0.0:5001 [in C:\Users\quang\AppData\Local\Programs\Python\Python313\Lib\site-packages\waitress\wasyncore.py:449]
